Flow report for lab4
Wed Sep 01 18:54:04 2021
Quartus Prime Version 18.1.0 Build 625 09/12/2018 SJ Lite Edition


---------------------
; Table of Contents ;
---------------------
  1. Legal Notice
  2. Flow Summary
  3. Flow Settings
  4. Flow Non-Default Global Settings
  5. Flow Elapsed Time
  6. Flow OS Summary
  7. Flow Log
  8. Flow Messages
  9. Flow Suppressed Messages



----------------
; Legal Notice ;
----------------
Copyright (C) 2018  Intel Corporation. All rights reserved.
Your use of Intel Corporation's design tools, logic functions 
and other software and tools, and its AMPP partner logic 
functions, and any output files from any of the foregoing 
(including device programming or simulation files), and any 
associated documentation or information are expressly subject 
to the terms and conditions of the Intel Program License 
Subscription Agreement, the Intel Quartus Prime License Agreement,
the Intel FPGA IP License Agreement, or other applicable license
agreement, including, without limitation, that your use is for
the sole purpose of programming logic devices manufactured by
Intel and sold by Intel or its authorized distributors.  Please
refer to the applicable agreement for further details.



+----------------------------------------------------------------------------------+
; Flow Summary                                                                     ;
+------------------------------------+---------------------------------------------+
; Flow Status                        ; Successful - Wed Sep 01 18:54:04 2021       ;
; Quartus Prime Version              ; 18.1.0 Build 625 09/12/2018 SJ Lite Edition ;
; Revision Name                      ; lab4                                        ;
; Top-level Entity Name              ; Processor                                   ;
; Family                             ; Cyclone IV E                                ;
; Device                             ; EP4CE115F29C7                               ;
; Timing Models                      ; Final                                       ;
; Total logic elements               ; 84 / 114,480 ( < 1 % )                      ;
;     Total combinational functions  ; 72 / 114,480 ( < 1 % )                      ;
;     Dedicated logic registers      ; 43 / 114,480 ( < 1 % )                      ;
; Total registers                    ; 43                                          ;
; Total pins                         ; 66 / 529 ( 12 % )                           ;
; Total virtual pins                 ; 0                                           ;
; Total memory bits                  ; 0 / 3,981,312 ( 0 % )                       ;
; Embedded Multiplier 9-bit elements ; 0 / 532 ( 0 % )                             ;
; Total PLLs                         ; 0 / 4 ( 0 % )                               ;
+------------------------------------+---------------------------------------------+


+-----------------------------------------+
; Flow Settings                           ;
+-------------------+---------------------+
; Option            ; Setting             ;
+-------------------+---------------------+
; Start date & time ; 09/01/2021 18:53:26 ;
; Main task         ; Compilation         ;
; Revision Name     ; lab4                ;
+-------------------+---------------------+


+--------------------------------------------------------------------------------------------------------------------------------+
; Flow Non-Default Global Settings                                                                                               ;
+--------------------------------------+------------------------------------------+---------------+-------------+----------------+
; Assignment Name                      ; Value                                    ; Default Value ; Entity Name ; Section Id     ;
+--------------------------------------+------------------------------------------+---------------+-------------+----------------+
; COMPILER_SIGNATURE_ID                ; 121369708659.163049360604752             ; --            ; --          ; --             ;
; EDA_DESIGN_INSTANCE_NAME             ; NA                                       ; --            ; --          ; testbench      ;
; EDA_NATIVELINK_SIMULATION_TEST_BENCH ; testbench                                ; --            ; --          ; eda_simulation ;
; EDA_OUTPUT_DATA_FORMAT               ; Systemverilog Hdl                        ; --            ; --          ; eda_simulation ;
; EDA_SIMULATION_TOOL                  ; ModelSim-Altera (SystemVerilog)          ; <None>        ; --          ; --             ;
; EDA_TEST_BENCH_ENABLE_STATUS         ; TEST_BENCH_MODE                          ; --            ; --          ; eda_simulation ;
; EDA_TEST_BENCH_FILE                  ; lab4_logic_processor_8bit/testbench_8.sv ; --            ; --          ; testbench      ;
; EDA_TEST_BENCH_MODULE_NAME           ; testbench                                ; --            ; --          ; testbench      ;
; EDA_TEST_BENCH_NAME                  ; testbench                                ; --            ; --          ; eda_simulation ;
; EDA_TEST_BENCH_RUN_SIM_FOR           ; 1000 ns                                  ; --            ; --          ; testbench      ;
; EDA_TIME_SCALE                       ; 1 ps                                     ; --            ; --          ; eda_simulation ;
; MAX_CORE_JUNCTION_TEMP               ; 85                                       ; --            ; --          ; --             ;
; MIN_CORE_JUNCTION_TEMP               ; 0                                        ; --            ; --          ; --             ;
; NOMINAL_CORE_SUPPLY_VOLTAGE          ; 1.2V                                     ; --            ; --          ; --             ;
; PARTITION_COLOR                      ; -- (Not supported for targeted family)   ; --            ; Processor   ; Top            ;
; PARTITION_FITTER_PRESERVATION_LEVEL  ; -- (Not supported for targeted family)   ; --            ; Processor   ; Top            ;
; PARTITION_NETLIST_TYPE               ; -- (Not supported for targeted family)   ; --            ; Processor   ; Top            ;
; POWER_BOARD_THERMAL_MODEL            ; None (CONSERVATIVE)                      ; --            ; --          ; --             ;
; POWER_PRESET_COOLING_SOLUTION        ; 23 MM HEAT SINK WITH 200 LFPM AIRFLOW    ; --            ; --          ; --             ;
; PROJECT_OUTPUT_DIRECTORY             ; output_files                             ; --            ; --          ; --             ;
; TOP_LEVEL_ENTITY                     ; Processor                                ; lab4          ; --          ; --             ;
+--------------------------------------+------------------------------------------+---------------+-------------+----------------+


+--------------------------------------------------------------------------------------------------------------------------+
; Flow Elapsed Time                                                                                                        ;
+----------------------+--------------+-------------------------+---------------------+------------------------------------+
; Module Name          ; Elapsed Time ; Average Processors Used ; Peak Virtual Memory ; Total CPU Time (on all processors) ;
+----------------------+--------------+-------------------------+---------------------+------------------------------------+
; Analysis & Synthesis ; 00:00:11     ; 1.0                     ; 4777 MB             ; 00:00:24                           ;
; Fitter               ; 00:00:16     ; 1.0                     ; 5699 MB             ; 00:00:22                           ;
; Assembler            ; 00:00:03     ; 1.0                     ; 4694 MB             ; 00:00:03                           ;
; Timing Analyzer      ; 00:00:02     ; 1.0                     ; 4845 MB             ; 00:00:02                           ;
; EDA Netlist Writer   ; 00:00:01     ; 1.0                     ; 4653 MB             ; 00:00:01                           ;
; Total                ; 00:00:33     ; --                      ; --                  ; 00:00:52                           ;
+----------------------+--------------+-------------------------+---------------------+------------------------------------+


+-----------------------------------------------------------------------------------+
; Flow OS Summary                                                                   ;
+----------------------+------------------+-----------+------------+----------------+
; Module Name          ; Machine Hostname ; OS Name   ; OS Version ; Processor type ;
+----------------------+------------------+-----------+------------+----------------+
; Analysis & Synthesis ; 1E33             ; Windows 8 ; 6.2        ; x86_64         ;
; Fitter               ; 1E33             ; Windows 8 ; 6.2        ; x86_64         ;
; Assembler            ; 1E33             ; Windows 8 ; 6.2        ; x86_64         ;
; Timing Analyzer      ; 1E33             ; Windows 8 ; 6.2        ; x86_64         ;
; EDA Netlist Writer   ; 1E33             ; Windows 8 ; 6.2        ; x86_64         ;
+----------------------+------------------+-----------+------------+----------------+


------------
; Flow Log ;
------------
quartus_map --read_settings_files=on --write_settings_files=off lab4 -c lab4
quartus_fit --read_settings_files=off --write_settings_files=off lab4 -c lab4
quartus_asm --read_settings_files=off --write_settings_files=off lab4 -c lab4
quartus_sta lab4 -c lab4
quartus_eda --read_settings_files=off --write_settings_files=off lab4 -c lab4



