Info: Starting: Create block symbol file (.bsf)
Info: qsys-generate C:\ECE385\lab7\lab7_soc.qsys --block-symbol-file --output-directory=C:\ECE385\lab7\lab7_soc --family="Cyclone IV E" --part=EP4CE115F29C7
Progress: Loading lab7/lab7_soc.qsys
Progress: Reading input file
Progress: Adding Switches [altera_avalon_pio 18.1]
Progress: Parameterizing module Switches
Progress: Adding accumulate [altera_avalon_pio 18.1]
Progress: Parameterizing module accumulate
Progress: Adding accumulator_reset [altera_avalon_pio 18.1]
Progress: Parameterizing module accumulator_reset
Progress: Adding clk_0 [clock_source 18.1]
Progress: Parameterizing module clk_0
Progress: Adding led [altera_avalon_pio 18.1]
Progress: Parameterizing module led
Progress: Adding nios2_gen2_0 [altera_nios2_gen2 18.1]
Progress: Parameterizing module nios2_gen2_0
Progress: Adding onchip_memory2_0 [altera_avalon_onchip_memory2 18.1]
Progress: Parameterizing module onchip_memory2_0
Progress: Adding sdram [altera_avalon_new_sdram_controller 18.1]
Progress: Parameterizing module sdram
Progress: Adding sdram_pll [altpll 18.1]
Progress: Parameterizing module sdram_pll
Progress: Adding sysid_qsys_0 [altera_avalon_sysid_qsys 18.1]
Progress: Parameterizing module sysid_qsys_0
Progress: Building connections
Progress: Parameterizing connections
Progress: Validating
Progress: Done reading input file
Info: lab7_soc.Switches: PIO inputs are not hardwired in test bench. Undefined values will be read from PIO inputs during simulation.
Info: lab7_soc.accumulate: PIO inputs are not hardwired in test bench. Undefined values will be read from PIO inputs during simulation.
Info: lab7_soc.accumulator_reset: PIO inputs are not hardwired in test bench. Undefined values will be read from PIO inputs during simulation.
Info: lab7_soc.sdram: SDRAM Controller will only be supported in Quartus Prime Standard Edition in the future release.
Info: lab7_soc.sysid_qsys_0: System ID is not assigned automatically. Edit the System ID parameter to provide a unique ID
Info: lab7_soc.sysid_qsys_0: Time stamp will be automatically updated when this component is generated.
Info: qsys-generate succeeded.
Info: Finished: Create block symbol file (.bsf)
Info: 
Info: Starting: Create HDL design files for synthesis
Info: qsys-generate C:\ECE385\lab7\lab7_soc.qsys --synthesis=VERILOG --output-directory=C:\ECE385\lab7\lab7_soc\synthesis --family="Cyclone IV E" --part=EP4CE115F29C7
Progress: Loading lab7/lab7_soc.qsys
Progress: Reading input file
Progress: Adding Switches [altera_avalon_pio 18.1]
Progress: Parameterizing module Switches
Progress: Adding accumulate [altera_avalon_pio 18.1]
Progress: Parameterizing module accumulate
Progress: Adding accumulator_reset [altera_avalon_pio 18.1]
Progress: Parameterizing module accumulator_reset
Progress: Adding clk_0 [clock_source 18.1]
Progress: Parameterizing module clk_0
Progress: Adding led [altera_avalon_pio 18.1]
Progress: Parameterizing module led
Progress: Adding nios2_gen2_0 [altera_nios2_gen2 18.1]
Progress: Parameterizing module nios2_gen2_0
Progress: Adding onchip_memory2_0 [altera_avalon_onchip_memory2 18.1]
Progress: Parameterizing module onchip_memory2_0
Progress: Adding sdram [altera_avalon_new_sdram_controller 18.1]
Progress: Parameterizing module sdram
Progress: Adding sdram_pll [altpll 18.1]
Progress: Parameterizing module sdram_pll
Progress: Adding sysid_qsys_0 [altera_avalon_sysid_qsys 18.1]
Progress: Parameterizing module sysid_qsys_0
Progress: Building connections
Progress: Parameterizing connections
Progress: Validating
Progress: Done reading input file
Info: lab7_soc.Switches: PIO inputs are not hardwired in test bench. Undefined values will be read from PIO inputs during simulation.
Info: lab7_soc.accumulate: PIO inputs are not hardwired in test bench. Undefined values will be read from PIO inputs during simulation.
Info: lab7_soc.accumulator_reset: PIO inputs are not hardwired in test bench. Undefined values will be read from PIO inputs during simulation.
Info: lab7_soc.sdram: SDRAM Controller will only be supported in Quartus Prime Standard Edition in the future release.
Info: lab7_soc.sysid_qsys_0: System ID is not assigned automatically. Edit the System ID parameter to provide a unique ID
Info: lab7_soc.sysid_qsys_0: Time stamp will be automatically updated when this component is generated.
Info: lab7_soc: Generating lab7_soc "lab7_soc" for QUARTUS_SYNTH
Info: Inserting clock-crossing logic between cmd_demux.src4 and cmd_mux_004.sink0
Info: Inserting clock-crossing logic between cmd_demux_001.src4 and cmd_mux_004.sink1
Info: Inserting clock-crossing logic between rsp_demux_004.src0 and rsp_mux.sink4
Info: Inserting clock-crossing logic between rsp_demux_004.src1 and rsp_mux_001.sink4
Info: Switches: Starting RTL generation for module 'lab7_soc_Switches'
Info: Switches:   Generation command is [exec C:/quartus/quartus/bin64/perl/bin/perl.exe -I C:/quartus/quartus/bin64/perl/lib -I C:/quartus/quartus/sopc_builder/bin/europa -I C:/quartus/quartus/sopc_builder/bin/perl_lib -I C:/quartus/quartus/sopc_builder/bin -I C:/quartus/quartus/../ip/altera/sopc_builder_ip/common -I C:/quartus/quartus/../ip/altera/sopc_builder_ip/altera_avalon_pio -- C:/quartus/quartus/../ip/altera/sopc_builder_ip/altera_avalon_pio/generate_rtl.pl --name=lab7_soc_Switches --dir=C:/Users/FUGUAN~1/AppData/Local/Temp/alt8871_6368718059916469256.dir/0002_Switches_gen/ --quartus_dir=C:/quartus/quartus --verilog --config=C:/Users/FUGUAN~1/AppData/Local/Temp/alt8871_6368718059916469256.dir/0002_Switches_gen//lab7_soc_Switches_component_configuration.pl  --do_build_sim=0  ]
Info: Switches: Done RTL generation for module 'lab7_soc_Switches'
Info: Switches: "lab7_soc" instantiated altera_avalon_pio "Switches"
Info: accumulate: Starting RTL generation for module 'lab7_soc_accumulate'
Info: accumulate:   Generation command is [exec C:/quartus/quartus/bin64/perl/bin/perl.exe -I C:/quartus/quartus/bin64/perl/lib -I C:/quartus/quartus/sopc_builder/bin/europa -I C:/quartus/quartus/sopc_builder/bin/perl_lib -I C:/quartus/quartus/sopc_builder/bin -I C:/quartus/quartus/../ip/altera/sopc_builder_ip/common -I C:/quartus/quartus/../ip/altera/sopc_builder_ip/altera_avalon_pio -- C:/quartus/quartus/../ip/altera/sopc_builder_ip/altera_avalon_pio/generate_rtl.pl --name=lab7_soc_accumulate --dir=C:/Users/FUGUAN~1/AppData/Local/Temp/alt8871_6368718059916469256.dir/0003_accumulate_gen/ --quartus_dir=C:/quartus/quartus --verilog --config=C:/Users/FUGUAN~1/AppData/Local/Temp/alt8871_6368718059916469256.dir/0003_accumulate_gen//lab7_soc_accumulate_component_configuration.pl  --do_build_sim=0  ]
Info: accumulate: Done RTL generation for module 'lab7_soc_accumulate'
Info: accumulate: "lab7_soc" instantiated altera_avalon_pio "accumulate"
Info: led: Starting RTL generation for module 'lab7_soc_led'
Info: led:   Generation command is [exec C:/quartus/quartus/bin64/perl/bin/perl.exe -I C:/quartus/quartus/bin64/perl/lib -I C:/quartus/quartus/sopc_builder/bin/europa -I C:/quartus/quartus/sopc_builder/bin/perl_lib -I C:/quartus/quartus/sopc_builder/bin -I C:/quartus/quartus/../ip/altera/sopc_builder_ip/common -I C:/quartus/quartus/../ip/altera/sopc_builder_ip/altera_avalon_pio -- C:/quartus/quartus/../ip/altera/sopc_builder_ip/altera_avalon_pio/generate_rtl.pl --name=lab7_soc_led --dir=C:/Users/FUGUAN~1/AppData/Local/Temp/alt8871_6368718059916469256.dir/0004_led_gen/ --quartus_dir=C:/quartus/quartus --verilog --config=C:/Users/FUGUAN~1/AppData/Local/Temp/alt8871_6368718059916469256.dir/0004_led_gen//lab7_soc_led_component_configuration.pl  --do_build_sim=0  ]
Info: led: Done RTL generation for module 'lab7_soc_led'
Info: led: "lab7_soc" instantiated altera_avalon_pio "led"
Info: nios2_gen2_0: "lab7_soc" instantiated altera_nios2_gen2 "nios2_gen2_0"
Info: onchip_memory2_0: Starting RTL generation for module 'lab7_soc_onchip_memory2_0'
Info: onchip_memory2_0:   Generation command is [exec C:/quartus/quartus/bin64/perl/bin/perl.exe -I C:/quartus/quartus/bin64/perl/lib -I C:/quartus/quartus/sopc_builder/bin/europa -I C:/quartus/quartus/sopc_builder/bin/perl_lib -I C:/quartus/quartus/sopc_builder/bin -I C:/quartus/quartus/../ip/altera/sopc_builder_ip/common -I C:/quartus/quartus/../ip/altera/sopc_builder_ip/altera_avalon_onchip_memory2 -- C:/quartus/quartus/../ip/altera/sopc_builder_ip/altera_avalon_onchip_memory2/generate_rtl.pl --name=lab7_soc_onchip_memory2_0 --dir=C:/Users/FUGUAN~1/AppData/Local/Temp/alt8871_6368718059916469256.dir/0005_onchip_memory2_0_gen/ --quartus_dir=C:/quartus/quartus --verilog --config=C:/Users/FUGUAN~1/AppData/Local/Temp/alt8871_6368718059916469256.dir/0005_onchip_memory2_0_gen//lab7_soc_onchip_memory2_0_component_configuration.pl  --do_build_sim=0  ]
Info: onchip_memory2_0: Done RTL generation for module 'lab7_soc_onchip_memory2_0'
Info: onchip_memory2_0: "lab7_soc" instantiated altera_avalon_onchip_memory2 "onchip_memory2_0"
Info: sdram: Starting RTL generation for module 'lab7_soc_sdram'
Info: sdram:   Generation command is [exec C:/quartus/quartus/bin64/perl/bin/perl.exe -I C:/quartus/quartus/bin64/perl/lib -I C:/quartus/quartus/sopc_builder/bin/europa -I C:/quartus/quartus/sopc_builder/bin/perl_lib -I C:/quartus/quartus/sopc_builder/bin -I C:/quartus/quartus/../ip/altera/sopc_builder_ip/common -I C:/quartus/quartus/../ip/altera/sopc_builder_ip/altera_avalon_new_sdram_controller -- C:/quartus/quartus/../ip/altera/sopc_builder_ip/altera_avalon_new_sdram_controller/generate_rtl.pl --name=lab7_soc_sdram --dir=C:/Users/FUGUAN~1/AppData/Local/Temp/alt8871_6368718059916469256.dir/0006_sdram_gen/ --quartus_dir=C:/quartus/quartus --verilog --config=C:/Users/FUGUAN~1/AppData/Local/Temp/alt8871_6368718059916469256.dir/0006_sdram_gen//lab7_soc_sdram_component_configuration.pl  --do_build_sim=0  ]
Info: sdram: Done RTL generation for module 'lab7_soc_sdram'
Info: sdram: "lab7_soc" instantiated altera_avalon_new_sdram_controller "sdram"
Info: sdram_pll: "lab7_soc" instantiated altpll "sdram_pll"
Info: sysid_qsys_0: "lab7_soc" instantiated altera_avalon_sysid_qsys "sysid_qsys_0"
Info: avalon_st_adapter: Inserting error_adapter: error_adapter_0
Info: avalon_st_adapter_001: Inserting error_adapter: error_adapter_0
Info: avalon_st_adapter_002: Inserting error_adapter: error_adapter_0
Info: avalon_st_adapter_003: Inserting error_adapter: error_adapter_0
Info: avalon_st_adapter_004: Inserting error_adapter: error_adapter_0
Info: avalon_st_adapter_005: Inserting error_adapter: error_adapter_0
Info: avalon_st_adapter_006: Inserting error_adapter: error_adapter_0
Info: avalon_st_adapter_007: Inserting error_adapter: error_adapter_0
Info: avalon_st_adapter_008: Inserting error_adapter: error_adapter_0
Info: mm_interconnect_0: "lab7_soc" instantiated altera_mm_interconnect "mm_interconnect_0"
Info: irq_mapper: "lab7_soc" instantiated altera_irq_mapper "irq_mapper"
Info: rst_controller: "lab7_soc" instantiated altera_reset_controller "rst_controller"
Info: cpu: Starting RTL generation for module 'lab7_soc_nios2_gen2_0_cpu'
Info: cpu:   Generation command is [exec C:/Quartus/quartus/bin64//eperlcmd.exe -I C:/Quartus/quartus/bin64//perl/lib -I C:/quartus/quartus/sopc_builder/bin/europa -I C:/quartus/quartus/sopc_builder/bin/perl_lib -I C:/quartus/quartus/sopc_builder/bin -I C:/quartus/quartus/../ip/altera/nios2_ip/altera_nios2_gen2/cpu_lib -I C:/quartus/quartus/../ip/altera/nios2_ip/altera_nios2_gen2/nios_lib -I C:/quartus/quartus/../ip/altera/nios2_ip/altera_nios2_gen2 -I C:/quartus/quartus/../ip/altera/nios2_ip/altera_nios2_gen2 -- C:/quartus/quartus/../ip/altera/nios2_ip/altera_nios2_gen2/generate_rtl.epl --name=lab7_soc_nios2_gen2_0_cpu --dir=C:/Users/FUGUAN~1/AppData/Local/Temp/alt8871_6368718059916469256.dir/0012_cpu_gen/ --quartus_bindir=C:/Quartus/quartus/bin64/ --verilog --config=C:/Users/FUGUAN~1/AppData/Local/Temp/alt8871_6368718059916469256.dir/0012_cpu_gen//lab7_soc_nios2_gen2_0_cpu_processor_configuration.pl  --do_build_sim=0  ]
Info: cpu: # 2021.09.01 20:15:23 (*) Starting Nios II generation
Info: cpu: # 2021.09.01 20:15:23 (*)   Checking for plaintext license.
Info: cpu: # 2021.09.01 20:15:24 (*)   Couldn't query license setup in Quartus directory C:/Quartus/quartus/bin64/
Info: cpu: # 2021.09.01 20:15:24 (*)   Defaulting to contents of LM_LICENSE_FILE environment variable
Info: cpu: # 2021.09.01 20:15:24 (*)   LM_LICENSE_FILE environment variable is empty
Info: cpu: # 2021.09.01 20:15:24 (*)   Plaintext license not found.
Info: cpu: # 2021.09.01 20:15:24 (*)   No license required to generate encrypted Nios II/e.
Info: cpu: # 2021.09.01 20:15:24 (*)   Elaborating CPU configuration settings
Info: cpu: # 2021.09.01 20:15:24 (*)   Creating all objects for CPU
Info: cpu: # 2021.09.01 20:15:27 (*)   Generating RTL from CPU objects
Info: cpu: # 2021.09.01 20:15:27 (*)   Creating plain-text RTL
Info: cpu: # 2021.09.01 20:15:29 (*) Done Nios II generation
Info: cpu: Done RTL generation for module 'lab7_soc_nios2_gen2_0_cpu'
Info: cpu: "nios2_gen2_0" instantiated altera_nios2_gen2_unit "cpu"
Info: nios2_gen2_0_data_master_translator: "mm_interconnect_0" instantiated altera_merlin_master_translator "nios2_gen2_0_data_master_translator"
Info: sysid_qsys_0_control_slave_translator: "mm_interconnect_0" instantiated altera_merlin_slave_translator "sysid_qsys_0_control_slave_translator"
Info: nios2_gen2_0_data_master_agent: "mm_interconnect_0" instantiated altera_merlin_master_agent "nios2_gen2_0_data_master_agent"
Info: sysid_qsys_0_control_slave_agent: "mm_interconnect_0" instantiated altera_merlin_slave_agent "sysid_qsys_0_control_slave_agent"
Info: sysid_qsys_0_control_slave_agent_rsp_fifo: "mm_interconnect_0" instantiated altera_avalon_sc_fifo "sysid_qsys_0_control_slave_agent_rsp_fifo"
Info: router: "mm_interconnect_0" instantiated altera_merlin_router "router"
Info: router_002: "mm_interconnect_0" instantiated altera_merlin_router "router_002"
Info: cmd_demux: "mm_interconnect_0" instantiated altera_merlin_demultiplexer "cmd_demux"
Info: cmd_mux: "mm_interconnect_0" instantiated altera_merlin_multiplexer "cmd_mux"
Info: rsp_demux: "mm_interconnect_0" instantiated altera_merlin_demultiplexer "rsp_demux"
Info: rsp_mux: "mm_interconnect_0" instantiated altera_merlin_multiplexer "rsp_mux"
Info: Reusing file C:/ECE385/lab7/lab7_soc/synthesis/submodules/altera_merlin_arbitrator.sv
Info: crosser: "mm_interconnect_0" instantiated altera_avalon_st_handshake_clock_crosser "crosser"
Info: avalon_st_adapter: "mm_interconnect_0" instantiated altera_avalon_st_adapter "avalon_st_adapter"
Info: error_adapter_0: "avalon_st_adapter" instantiated error_adapter "error_adapter_0"
Info: lab7_soc: Done "lab7_soc" with 27 modules, 44 files
Info: qsys-generate succeeded.
Info: Finished: Create HDL design files for synthesis
